Arguments: 
  C:\Program Files\nodejs\node.exe C:\Program Files (x86)\Yarn\bin\yarn.js install

PATH: 
  C:\ProgramData\Oracle\Java\javapath;C:\WINDOWS\system32;C:\WINDOWS;C:\WINDOWS\System32\Wbem;C:\WINDOWS\System32\WindowsPowerShell\v1.0\;C:\Program Files\Intel\WiFi\bin\;C:\Program Files\Common Files\Intel\WirelessCommon\;C:\Program Files\Java\jdk1.8.0_131\bin;C:\Program Files\nodejs\;C:\Tools\apache-maven-3.5.0\bin;C:\Program Files\Java\jre1.8.0_131\bin;C:\Program Files\PostgreSQL\pg96\bin;C:\Program Files\Microsoft SQL Server\130\Tools\Binn\;C:\Program Files\dotnet\;C:\Program Files\Git\cmd;C:\Program Files (x86)\Yarn\bin;C:\Users\X-MART\AppData\Local\Microsoft\WindowsApps;C:\Program Files\Intel\WiFi\bin\;C:\Program Files\Common Files\Intel\WirelessCommon\;C:\Users\X-MART\AppData\Roaming\npm;C:\Tools\groovy\groovy-2.4.11\bin;C:\Tools\gradle\gradle-4.0\bin;C:\Tools\Spring-boot-cli\spring-1.5.4.RELEASE\bin;C:\Users\X-MART\AppData\Local\Yarn\bin;C:\Users\X-MART\AppData\Local\GitHubDesktop\bin

Yarn version: 
  1.3.2

Node version: 
  6.11.0

Platform: 
  win32 x64

npm manifest: 
  {
    "name": "article-web",
    "version": "0.0.0",
    "license": "MIT",
    "scripts": {
      "ng": "ng",
      "start": "ng serve",
      "build": "ng build",
      "test": "ng test",
      "lint": "ng lint",
      "e2e": "ng e2e"
    },
    "private": true,
    "dependencies": {
      "@angular/animations": "^4.0.0",
      "@angular/common": "^4.0.0",
      "@angular/compiler": "^4.0.0",
      "@angular/core": "^4.0.0",
      "@angular/forms": "^4.0.0",
      "@angular/http": "^4.0.0",
      "@angular/platform-browser": "^4.0.0",
      "@angular/platform-browser-dynamic": "^4.0.0",
      "@angular/router": "^4.0.0",
      "core-js": "^2.4.1",
      "rxjs": "^5.1.0",
      "zone.js": "^0.8.4"
    },
    "devDependencies": {
      "@angular/cli": "1.2.1",
      "@angular/compiler-cli": "^4.0.0",
      "@angular/language-service": "^4.0.0",
      "@types/jasmine": "~2.5.53",
      "@types/jasminewd2": "~2.0.2",
      "@types/node": "~6.0.60",
      "codelyzer": "~3.0.1",
      "jasmine-core": "~2.6.2",
      "jasmine-spec-reporter": "~4.1.0",
      "karma": "~1.7.0",
      "karma-chrome-launcher": "~2.1.1",
      "karma-cli": "~1.0.1",
      "karma-coverage-istanbul-reporter": "^1.2.1",
      "karma-jasmine": "~1.1.0",
      "karma-jasmine-html-reporter": "^0.2.2",
      "protractor": "~5.1.2",
      "ts-node": "~3.0.4",
      "tslint": "~5.3.2",
      "typescript": "~2.3.3"
    }
  }

yarn manifest: 
  No manifest

Lockfile: 
  No lockfile

Trace: 
  Error: write EPIPE
      at exports._errnoException (util.js:1018:11)
      at Socket._writeGeneric (net.js:711:26)
      at Socket._write (net.js:730:8)
      at doWrite (_stream_writable.js:331:12)
      at writeOrBuffer (_stream_writable.js:317:5)
      at Socket.Writable.write (_stream_writable.js:243:11)
      at Socket.write (net.js:657:40)
      at ConsoleReporter._log (C:\Program Files (x86)\Yarn\lib\cli.js:87285:17)
      at ConsoleReporter.log (C:\Program Files (x86)\Yarn\lib\cli.js:87272:10)
      at ConsoleReporter.step (C:\Program Files (x86)\Yarn\lib\cli.js:87218:10)
